Arguments: 
  /usr/bin/node /usr/local/bin/yarn add --dev hardhat

PATH: 
  /home/andy/.rbenv/shims:/home/andy/.rbenv/bin:/home/andy/.rbenv/shims:/home/andy/.rbenv/bin:/home/andy/.rbenv/shims:/home/andy/.rbenv/bin:/usr/local/sbin:/usr/local/bin:/usr/sbin:/usr/bin:/sbin:/bin:/usr/games:/usr/local/games:/snap/bin:/snap/bin

Yarn version: 
  1.22.19

Node version: 
  12.22.9

Platform: 
  linux x64

Trace: 
  Error: getaddrinfo EAI_AGAIN registry.yarnpkg.com
      at GetAddrInfoReqWrap.onlookup [as oncomplete] (dns.js:66:26)

npm manifest: 
  {
    "name": "hardhatsimple_storage",
    "version": "1.0.0",
    "main": "index.js",
    "license": "MIT"
  }

yarn manifest: 
  No manifest

Lockfile: 
  No lockfile
